  AssetDatabase.cpp
  AssetType.cpp
  GuidGenerator.cpp
  OBJLoader.cpp
  AudioClip.cpp
  AudioSource.cpp
  AudioSystem.cpp
  DebugUI.cpp
  ImGuiDebugUI.cpp
  CommandManager.cpp
  CreateGameObjectCommand.cpp
  DeleteGameObjectCommand.cpp
  DuplicateGameObjectCommand.cpp
  GameObjectSnapshot.cpp
  InspectorEditCommand.cpp
  RenameGameObjectCommand.cpp
  SetObjectFolderCommand.cpp
  TransformCommand.cpp
  EditorCamera.cpp
  EditorDirtyManager.cpp
  코드를 생성하고 있습니다...
  컴파일하고 있습니다...
  EditorLayer.cpp
  PreviewCamera.cpp
  StaticMeshEditor.cpp
  StaticMeshPreviewViewport.cpp
  D3D11Buffer.cpp
  D3D11Context.cpp
  D3D11Device.cpp
  D3D11Shader.cpp
  D3D11SwapChain.cpp
  D3D11Texture.cpp
  D3D12CommandList.cpp
  D3D12CommandQueue.cpp
  D3D12Context.cpp
  D3D12DescriptorHeap.cpp
  D3D12Device.cpp
  D3D12Fence.cpp
  D3D12SwapChain.cpp
  RHIFactory.cpp
  Material.cpp
  DebugRenderer.cpp
  코드를 생성하고 있습니다...
  컴파일하고 있습니다...
  Mesh.cpp
  PostProcess.cpp
  Renderer.cpp
  ShadowMap.cpp
  Application.cpp
  Log.cpp
  Time.cpp
  Transform.cpp
  Input.cpp
  WICImageLoader.cpp
  Win32Window.cpp
  ColliderComponent.cpp
  PhysicsWorld.cpp
  MaterialLoader.cpp
  ResourceManager.cpp
  Camera.cpp
  Component.cpp
  GameObject.cpp
  Light.cpp
  LightComponent.cpp
  코드를 생성하고 있습니다...
  컴파일하고 있습니다...
  MeshRenderer.cpp
  MeshRendererComponent.cpp
  PlayerStartComponent.cpp
  PostProcessComponent.cpp
  SceneSerializer.cpp
  Scene.cpp
  GameApp.cpp
  main.cpp
  imgui_impl_dx11.cpp
  imgui_impl_win32.cpp
  imgui.cpp
  imgui_demo.cpp
  imgui_draw.cpp
  imgui_tables.cpp
  imgui_widgets.cpp
  코드를 생성하고 있습니다...
  DirectEngine_JAEMIN.vcxproj -> C:\Users\User\Downloads\DirectEngine_JAEMIN-main\DirectEngine_JAEMIN-main\x64\Debug\DirectEngine_JAEMIN.exe
